0) 0-42
1) 42-79
2) 79-117
3) 117-144
2011-08-02 01:05:48,231 DEBUG {           main} [App] TextToSubGraphTask created.
2011-08-02 01:05:48,234 DEBUG {pool-1-thread-1} [TextToSubGraphTask] Opened block 1
2011-08-02 01:05:48,234 DEBUG {pool-1-thread-1} [TextToSubGraphTask] Pruned node 1
2011-08-02 01:05:48,235 DEBUG {pool-1-thread-1} [TextToSubGraphTask] Pruned node 4
2011-08-02 01:05:48,235 DEBUG {pool-1-thread-1} [TextToSubGraphTask] Pruned node 5
2011-08-02 01:05:48,242 DEBUG {pool-1-thread-1} [TextToSubGraphTask] Wrote map to file ../../data/map1.
2011-08-02 01:05:48,243 DEBUG {pool-1-thread-2} [TextToSubGraphTask] Opened block 2
2011-08-02 01:05:48,243 DEBUG {pool-1-thread-2} [TextToSubGraphTask] Pruned node 8
2011-08-02 01:05:48,243 DEBUG {pool-1-thread-2} [TextToSubGraphTask] Pruned node 9
2011-08-02 01:05:48,244 DEBUG {pool-1-thread-2} [TextToSubGraphTask] Pruned node 11
2011-08-02 01:05:48,245 DEBUG {pool-1-thread-2} [TextToSubGraphTask] Wrote map to file ../../data/map2.
2011-08-02 01:05:48,245 DEBUG {pool-1-thread-3} [TextToSubGraphTask] Opened block 3
2011-08-02 01:05:48,245 DEBUG {pool-1-thread-4} [TextToSubGraphTask] Opened block 4
2011-08-02 01:05:48,246 DEBUG {pool-1-thread-3} [TextToSubGraphTask] Pruned node 12
2011-08-02 01:05:48,246 DEBUG {pool-1-thread-4} [TextToSubGraphTask] Pruned node 17
2011-08-02 01:05:48,246 DEBUG {pool-1-thread-3} [TextToSubGraphTask] Pruned node 13
2011-08-02 01:05:48,246 DEBUG {pool-1-thread-4} [TextToSubGraphTask] Pruned node 18
2011-08-02 01:05:48,246 DEBUG {pool-1-thread-4} [TextToSubGraphTask] Pruned node 19
2011-08-02 01:05:48,247 DEBUG {pool-1-thread-4} [TextToSubGraphTask] Wrote map to file ../../data/map4.
2011-08-02 01:05:48,247 DEBUG {pool-1-thread-3} [TextToSubGraphTask] Wrote map to file ../../data/map3.
2011-08-02 01:05:48,247 DEBUG {           main} [App] TextToSubGraphTask completed.
2011-08-02 01:05:48,248 DEBUG {           main} [App] PruneSubGraphTasks created for iteration 2
2011-08-02 01:05:48,251 DEBUG {pool-1-thread-3} [PruneSubGraphTask] Map read from ../../data/map4
2011-08-02 01:05:48,251 DEBUG {pool-1-thread-1} [PruneSubGraphTask] Map read from ../../data/map1
2011-08-02 01:05:48,251 DEBUG {pool-1-thread-4} [PruneSubGraphTask] Map read from ../../data/map3
2011-08-02 01:05:48,252 DEBUG {pool-1-thread-2} [PruneSubGraphTask] Map read from ../../data/map2
2011-08-02 01:05:48,252 DEBUG {pool-1-thread-4} [PruneSubGraphTask] Map written to ../../data/map3
2011-08-02 01:05:48,252 DEBUG {           main} [App] PruneSubGraphTasks completed for iteration 2
2011-08-02 01:05:48,253 INFO  {           main} [App] One or more CYCLES detected. Check ../../data/prunedgraph.dat
2011-08-02 01:05:48,254 DEBUG {           main} [App] Map read from ../../data/map1 and text written to ../../data/prunedgraph.dat
2011-08-02 01:05:48,255 DEBUG {           main} [App] Map read from ../../data/map2 and text written to ../../data/prunedgraph.dat
2011-08-02 01:05:48,256 DEBUG {           main} [App] Map read from ../../data/map3 and text written to ../../data/prunedgraph.dat
2011-08-02 01:05:48,258 DEBUG {           main} [App] Map read from ../../data/map4 and text written to ../../data/prunedgraph.dat
